2022-02-05 20:15:21,170 : INFO : test_toolsqa_header : Page heading Refreshed successfully
2022-02-05 20:15:21,377 : INFO : test_elements : Elements clicked and captured screenshots from home page
2022-02-05 20:15:21,564 : INFO : test_forms : Elements clicked and captured screenshots from Forms
2022-02-05 20:15:21,752 : INFO : test_afw : Elements clicked and captured screenshots from Alerts frames windows
2022-02-05 20:15:21,960 : INFO : test_widgets : Elements clicked and captured screenshots from widgets
2022-02-05 20:15:22,171 : INFO : test_bookstoreapp : Elements clicked and captured screenshots from BookstoreApp
2022-02-05 20:15:22,366 : INFO : test_interactions : Elements clicked and captured screenshots from interactions
2022-02-05 20:18:18,220 : INFO : test_toolsqa_header : Page heading Refreshed successfully
2022-02-05 20:18:18,454 : INFO : test_elements : Elements clicked and captured screenshots from home page
2022-02-05 20:18:18,651 : INFO : test_forms : Elements clicked and captured screenshots from Forms
2022-02-05 20:18:18,869 : INFO : test_afw : Elements clicked and captured screenshots from Alerts frames windows
2022-02-05 20:18:19,084 : INFO : test_widgets : Elements clicked and captured screenshots from widgets
2022-02-05 20:18:19,301 : INFO : test_bookstoreapp : Elements clicked and captured screenshots from BookstoreApp
2022-02-05 20:18:19,516 : INFO : test_interactions : Elements clicked and captured screenshots from interactions
2022-02-05 20:27:43,445 : INFO : test_toolsqa_header : Page heading Refreshed successfully
2022-02-05 20:27:43,716 : INFO : test_elements : Elements clicked and captured screenshots from home page
2022-02-05 20:27:43,889 : INFO : test_forms : Elements clicked and captured screenshots from Forms
2022-02-05 20:27:44,088 : INFO : test_afw : Elements clicked and captured screenshots from Alerts frames windows
2022-02-05 20:27:44,290 : INFO : test_widgets : Elements clicked and captured screenshots from widgets
2022-02-05 20:27:44,523 : INFO : test_bookstoreapp : Elements clicked and captured screenshots from BookstoreApp
2022-02-05 20:27:44,747 : INFO : test_interactions : Elements clicked and captured screenshots from interactions
2022-02-05 20:30:06,270 : INFO : test_toolsqa_header : Page heading Refreshed successfully
2022-02-05 20:30:06,480 : INFO : test_elements : Elements clicked and captured screenshots from home page
2022-02-05 20:30:06,663 : INFO : test_forms : Elements clicked and captured screenshots from Forms
2022-02-05 20:30:06,842 : INFO : test_afw : Elements clicked and captured screenshots from Alerts frames windows
2022-02-05 20:30:07,048 : INFO : test_widgets : Elements clicked and captured screenshots from widgets
2022-02-05 20:30:07,281 : INFO : test_bookstoreapp : Elements clicked and captured screenshots from BookstoreApp
2022-02-05 20:30:07,488 : INFO : test_interactions : Elements clicked and captured screenshots from interactions
2022-02-05 20:34:56,899 : INFO : test_toolsqa_header : Page heading Refreshed successfully
2022-02-05 20:34:57,113 : INFO : test_elements : Elements clicked and captured screenshots from home page
2022-02-05 20:34:57,288 : INFO : test_forms : Elements clicked and captured screenshots from Forms
2022-02-05 20:34:57,462 : INFO : test_afw : Elements clicked and captured screenshots from Alerts frames windows
2022-02-05 20:34:57,659 : INFO : test_widgets : Elements clicked and captured screenshots from widgets
2022-02-05 20:34:57,865 : INFO : test_bookstoreapp : Elements clicked and captured screenshots from BookstoreApp
2022-02-05 20:34:58,079 : INFO : test_interactions : Elements clicked and captured screenshots from interactions
2022-02-05 20:37:21,185 : INFO : test_toolsqa_header : Page heading Refreshed successfully
2022-02-05 20:37:21,389 : INFO : test_elements : Elements clicked and captured screenshots from home page
2022-02-05 20:37:21,572 : INFO : test_forms : Elements clicked and captured screenshots from Forms
2022-02-05 20:37:21,746 : INFO : test_afw : Elements clicked and captured screenshots from Alerts frames windows
2022-02-05 20:37:21,955 : INFO : test_widgets : Elements clicked and captured screenshots from widgets
2022-02-05 20:37:22,175 : INFO : test_bookstoreapp : Elements clicked and captured screenshots from BookstoreApp
2022-02-05 20:37:22,382 : INFO : test_interactions : Elements clicked and captured screenshots from interactions
2022-02-05 23:27:15,029 : INFO : test_toolsqa_header : Page heading Refreshed successfully
2022-02-05 23:27:15,250 : INFO : test_elements : Elements clicked and captured screenshots from home page
2022-02-05 23:27:15,436 : INFO : test_forms : Elements clicked and captured screenshots from Forms
2022-02-05 23:27:15,611 : INFO : test_afw : Elements clicked and captured screenshots from Alerts frames windows
2022-02-05 23:27:15,813 : INFO : test_widgets : Elements clicked and captured screenshots from widgets
2022-02-05 23:27:16,019 : INFO : test_bookstoreapp : Elements clicked and captured screenshots from BookstoreApp
2022-02-05 23:27:16,218 : INFO : test_interactions : Elements clicked and captured screenshots from interactions
2022-02-05 23:31:41,141 : INFO : test_toolsqa_header : Page heading Refreshed successfully
2022-02-05 23:31:41,356 : INFO : test_elements : Elements clicked and captured screenshots from home page
2022-02-05 23:31:41,536 : INFO : test_forms : Elements clicked and captured screenshots from Forms
2022-02-05 23:31:41,716 : INFO : test_afw : Elements clicked and captured screenshots from Alerts frames windows
2022-02-05 23:31:41,934 : INFO : test_widgets : Elements clicked and captured screenshots from widgets
2022-02-05 23:31:42,148 : INFO : test_bookstoreapp : Elements clicked and captured screenshots from BookstoreApp
2022-02-05 23:31:42,378 : INFO : test_interactions : Elements clicked and captured screenshots from interactions
2022-02-05 23:58:05,766 : INFO : test_toolsqa_header : Page heading Refreshed successfully
2022-02-05 23:58:05,989 : INFO : test_elements : Elements clicked and captured screenshots from home page
2022-02-05 23:58:06,177 : INFO : test_forms : Elements clicked and captured screenshots from Forms
2022-02-05 23:58:06,380 : INFO : test_afw : Elements clicked and captured screenshots from Alerts frames windows
2022-02-05 23:58:06,594 : INFO : test_widgets : Elements clicked and captured screenshots from widgets
2022-02-05 23:58:06,819 : INFO : test_bookstoreapp : Elements clicked and captured screenshots from BookstoreApp
2022-02-05 23:58:07,033 : INFO : test_interactions : Elements clicked and captured screenshots from interactions
2022-02-06 00:12:33,708 : INFO : test_toolsqa_header : Page heading Refreshed successfully
2022-02-06 00:12:33,937 : INFO : test_elements : Elements clicked and captured screenshots from home page
2022-02-06 00:12:34,129 : INFO : test_forms : Elements clicked and captured screenshots from Forms
2022-02-06 00:12:34,327 : INFO : test_afw : Elements clicked and captured screenshots from Alerts frames windows
2022-02-06 00:12:34,519 : INFO : test_widgets : Elements clicked and captured screenshots from widgets
2022-02-06 00:12:34,718 : INFO : test_bookstoreapp : Elements clicked and captured screenshots from BookstoreApp
2022-02-06 00:12:34,902 : INFO : test_interactions : Elements clicked and captured screenshots from interactions
2022-02-06 11:16:06,227 : INFO : test_toolsqa_header : Page heading Refreshed successfully
2022-02-06 11:16:06,439 : INFO : test_elements : Elements clicked and captured screenshots from home page
2022-02-06 11:16:06,645 : INFO : test_forms : Elements clicked and captured screenshots from Forms
2022-02-06 11:16:06,828 : INFO : test_afw : Elements clicked and captured screenshots from Alerts frames windows
2022-02-06 11:16:07,035 : INFO : test_widgets : Elements clicked and captured screenshots from widgets
2022-02-06 11:16:07,245 : INFO : test_bookstoreapp : Elements clicked and captured screenshots from BookstoreApp
2022-02-06 11:16:07,451 : INFO : test_interactions : Elements clicked and captured screenshots from interactions
2022-02-06 11:29:15,986 : INFO : test_toolsqa_header : Page heading Refreshed successfully
2022-02-06 11:29:16,221 : INFO : test_elements : Elements clicked and captured screenshots from home page
2022-02-06 11:29:16,428 : INFO : test_forms : Elements clicked and captured screenshots from Forms
2022-02-06 11:29:16,653 : INFO : test_afw : Elements clicked and captured screenshots from Alerts frames windows
2022-02-06 11:29:16,889 : INFO : test_widgets : Elements clicked and captured screenshots from widgets
2022-02-06 11:29:17,124 : INFO : test_bookstoreapp : Elements clicked and captured screenshots from BookstoreApp
2022-02-06 11:29:17,359 : INFO : test_interactions : Elements clicked and captured screenshots from interactions
2022-02-06 11:32:57,193 : INFO : test_toolsqa_header : Page heading Refreshed successfully
2022-02-06 11:32:57,425 : INFO : test_elements : Elements clicked and captured screenshots from home page
2022-02-06 11:32:57,616 : INFO : test_forms : Elements clicked and captured screenshots from Forms
2022-02-06 11:32:57,808 : INFO : test_afw : Elements clicked and captured screenshots from Alerts frames windows
2022-02-06 11:32:58,016 : INFO : test_widgets : Elements clicked and captured screenshots from widgets
2022-02-06 11:32:58,227 : INFO : test_bookstoreapp : Elements clicked and captured screenshots from BookstoreApp
2022-02-06 11:32:58,428 : INFO : test_interactions : Elements clicked and captured screenshots from interactions
2022-02-06 11:39:29,791 : INFO : test_toolsqa_header : Page heading Refreshed successfully
2022-02-06 11:39:30,081 : INFO : test_elements : Elements clicked and captured screenshots from home page
2022-02-06 11:39:30,294 : INFO : test_forms : Elements clicked and captured screenshots from Forms
2022-02-06 11:39:30,544 : INFO : test_afw : Elements clicked and captured screenshots from Alerts frames windows
2022-02-06 11:39:30,799 : INFO : test_widgets : Elements clicked and captured screenshots from widgets
2022-02-06 11:39:31,028 : INFO : test_bookstoreapp : Elements clicked and captured screenshots from BookstoreApp
2022-02-06 11:39:31,242 : INFO : test_interactions : Elements clicked and captured screenshots from interactions
2022-02-06 12:10:55,211 : INFO : test_toolsqa_header : Page heading Refreshed successfully
2022-02-06 12:10:55,431 : INFO : test_elements : Elements clicked and captured screenshots from home page
2022-02-06 12:10:55,614 : INFO : test_forms : Elements clicked and captured screenshots from Forms
2022-02-06 12:10:55,799 : INFO : test_afw : Elements clicked and captured screenshots from Alerts frames windows
2022-02-06 12:10:56,007 : INFO : test_widgets : Elements clicked and captured screenshots from widgets
2022-02-06 12:10:56,212 : INFO : test_bookstoreapp : Elements clicked and captured screenshots from BookstoreApp
2022-02-06 12:10:56,415 : INFO : test_interactions : Elements clicked and captured screenshots from interactions
2022-02-06 12:29:31,693 : INFO : test_toolsqa_header : Page heading Refreshed successfully
2022-02-06 12:29:31,973 : INFO : test_elements : Elements clicked and captured screenshots from home page
2022-02-06 12:29:32,166 : INFO : test_forms : Elements clicked and captured screenshots from Forms
2022-02-06 12:29:32,352 : INFO : test_afw : Elements clicked and captured screenshots from Alerts frames windows
2022-02-06 12:29:32,566 : INFO : test_widgets : Elements clicked and captured screenshots from widgets
2022-02-06 12:29:32,789 : INFO : test_bookstoreapp : Elements clicked and captured screenshots from BookstoreApp
2022-02-06 12:29:32,998 : INFO : test_interactions : Elements clicked and captured screenshots from interactions
2022-02-06 19:34:23,977 : INFO : test_toolsqa_header : Page heading Refreshed successfully
2022-02-06 19:34:24,200 : INFO : test_elements : Elements clicked and captured screenshots from home page
2022-02-06 19:34:24,384 : INFO : test_forms : Elements clicked and captured screenshots from Forms
2022-02-06 19:34:24,553 : INFO : test_afw : Elements clicked and captured screenshots from Alerts frames windows
2022-02-06 19:34:24,748 : INFO : test_widgets : Elements clicked and captured screenshots from widgets
2022-02-06 19:34:24,954 : INFO : test_bookstoreapp : Elements clicked and captured screenshots from BookstoreApp
2022-02-06 19:34:25,138 : INFO : test_interactions : Elements clicked and captured screenshots from interactions
2022-02-08 23:11:31,322 : INFO : test_toolsqa_header : Page heading Refreshed successfully
2022-02-08 23:11:31,559 : INFO : test_elements : Elements clicked and captured screenshots from home page
2022-02-08 23:11:31,772 : INFO : test_forms : Elements clicked and captured screenshots from Forms
2022-02-08 23:11:31,985 : INFO : test_afw : Elements clicked and captured screenshots from Alerts frames windows
2022-02-08 23:11:32,191 : INFO : test_widgets : Elements clicked and captured screenshots from widgets
2022-02-08 23:11:32,442 : INFO : test_bookstoreapp : Elements clicked and captured screenshots from BookstoreApp
2022-02-08 23:11:32,696 : INFO : test_interactions : Elements clicked and captured screenshots from interactions
2022-02-10 21:32:51,750 : INFO : test_toolsqa_header : Page heading Refreshed successfully
2022-02-10 21:32:52,020 : INFO : test_elements : Elements clicked and captured screenshots from home page
2022-02-10 21:32:52,220 : INFO : test_forms : Elements clicked and captured screenshots from Forms
2022-02-10 21:32:52,449 : INFO : test_afw : Elements clicked and captured screenshots from Alerts frames windows
2022-02-10 21:32:52,658 : INFO : test_widgets : Elements clicked and captured screenshots from widgets
2022-02-10 21:32:52,886 : INFO : test_bookstoreapp : Elements clicked and captured screenshots from BookstoreApp
2022-02-10 21:32:53,097 : INFO : test_interactions : Elements clicked and captured screenshots from interactions
2022-02-10 23:48:37,316 : INFO : test_toolsqa_header : Page heading Refreshed successfully
2022-02-10 23:48:37,534 : INFO : test_elements : Elements clicked and captured screenshots from home page
2022-02-10 23:48:37,717 : INFO : test_forms : Elements clicked and captured screenshots from Forms
2022-02-10 23:48:37,963 : INFO : test_afw : Elements clicked and captured screenshots from Alerts frames windows
2022-02-10 23:48:38,166 : INFO : test_widgets : Elements clicked and captured screenshots from widgets
2022-02-10 23:48:38,382 : INFO : test_bookstoreapp : Elements clicked and captured screenshots from BookstoreApp
2022-02-10 23:48:38,591 : INFO : test_interactions : Elements clicked and captured screenshots from interactions
